<?xml version="1.0" encoding="UTF-8"?>
<robot generator="Robot 3.1.2 (Python 3.8.1 on win32)" generated="20200122 10:16:44.478" rpa="false">
<suite id="s1" name="RobotProject1" source="C:\Users\rohan\eclipse-workspace2\RobotProject1">
<suite id="s1-s1" name="Test" source="C:\Users\rohan\eclipse-workspace2\RobotProject1\test">
<suite id="s1-s1-s1" name="TestSuit1" source="C:\Users\rohan\eclipse-workspace2\RobotProject1\test\TestSuit1.robot">
<kw name="Log" library="BuiltIn" type="setup">
<doc>Logs the given message with the given level.</doc>
<arguments>
<arg>I am inside Test Suite Setup</arg>
</arguments>
<msg timestamp="20200122 10:16:45.064" level="INFO">I am inside Test Suite Setup</msg>
<status status="PASS" starttime="20200122 10:16:45.063" endtime="20200122 10:16:45.064"></status>
</kw>
<test id="s1-s1-s1-t1" name="MyFirstTest">
<kw name="Log" library="BuiltIn" type="setup">
<doc>Logs the given message with the given level.</doc>
<arguments>
<arg>I am inside Test Setup</arg>
</arguments>
<msg timestamp="20200122 10:16:45.066" level="INFO">I am inside Test Setup</msg>
<status status="PASS" starttime="20200122 10:16:45.066" endtime="20200122 10:16:45.066"></status>
</kw>
<kw name="Log" library="BuiltIn">
<doc>Logs the given message with the given level.</doc>
<arguments>
<arg>Hello World...</arg>
</arguments>
<msg timestamp="20200122 10:16:45.067" level="INFO">Hello World...</msg>
<status status="PASS" starttime="20200122 10:16:45.067" endtime="20200122 10:16:45.067"></status>
</kw>
<kw name="Log" library="BuiltIn" type="teardown">
<doc>Logs the given message with the given level.</doc>
<arguments>
<arg>I am inside Test Teardown</arg>
</arguments>
<msg timestamp="20200122 10:16:45.068" level="INFO">I am inside Test Teardown</msg>
<status status="PASS" starttime="20200122 10:16:45.068" endtime="20200122 10:16:45.069"></status>
</kw>
<tags>
<tag>smoke</tag>
</tags>
<status status="PASS" starttime="20200122 10:16:45.065" endtime="20200122 10:16:45.069" critical="yes"></status>
</test>
<test id="s1-s1-s1-t2" name="MySecondTest">
<kw name="Log" library="BuiltIn" type="setup">
<doc>Logs the given message with the given level.</doc>
<arguments>
<arg>I am inside Test Setup</arg>
</arguments>
<msg timestamp="20200122 10:16:45.074" level="INFO">I am inside Test Setup</msg>
<status status="PASS" starttime="20200122 10:16:45.073" endtime="20200122 10:16:45.075"></status>
</kw>
<kw name="Log" library="BuiltIn">
<doc>Logs the given message with the given level.</doc>
<arguments>
<arg>I am inside 2nd test</arg>
</arguments>
<msg timestamp="20200122 10:16:45.083" level="INFO">I am inside 2nd test</msg>
<status status="PASS" starttime="20200122 10:16:45.081" endtime="20200122 10:16:45.083"></status>
</kw>
<kw name="Set Tags" library="BuiltIn">
<doc>Adds given ``tags`` for the current test or all tests in a suite.</doc>
<arguments>
<arg>regression1</arg>
</arguments>
<msg timestamp="20200122 10:16:45.085" level="INFO">Set tag 'regression1'.</msg>
<status status="PASS" starttime="20200122 10:16:45.084" endtime="20200122 10:16:45.085"></status>
</kw>
<kw name="Remove Tags" library="BuiltIn">
<doc>Removes given ``tags`` from the current test or all tests in a suite.</doc>
<arguments>
<arg>regression1</arg>
</arguments>
<msg timestamp="20200122 10:16:45.086" level="INFO">Removed tag 'regression1'.</msg>
<status status="PASS" starttime="20200122 10:16:45.085" endtime="20200122 10:16:45.086"></status>
</kw>
<kw name="Log" library="BuiltIn" type="teardown">
<doc>Logs the given message with the given level.</doc>
<arguments>
<arg>I am inside Test Teardown</arg>
</arguments>
<msg timestamp="20200122 10:16:45.090" level="INFO">I am inside Test Teardown</msg>
<status status="PASS" starttime="20200122 10:16:45.088" endtime="20200122 10:16:45.090"></status>
</kw>
<tags>
<tag>example</tag>
</tags>
<status status="PASS" starttime="20200122 10:16:45.070" endtime="20200122 10:16:45.091" critical="yes"></status>
</test>
<test id="s1-s1-s1-t3" name="FirstSeleniumTest">
<kw name="Log" library="BuiltIn" type="setup">
<doc>Logs the given message with the given level.</doc>
<arguments>
<arg>I am inside Test Setup</arg>
</arguments>
<msg timestamp="20200122 10:16:45.096" level="INFO">I am inside Test Setup</msg>
<status status="PASS" starttime="20200122 10:16:45.095" endtime="20200122 10:16:45.097"></status>
</kw>
<kw name="Open Browser" library="SeleniumLibrary">
<doc>Opens a new browser instance to the optional ``url``.</doc>
<arguments>
<arg>https://www.google.com/</arg>
<arg>chrome</arg>
</arguments>
<msg timestamp="20200122 10:16:45.098" level="INFO">Opening browser 'chrome' to base url 'https://www.google.com/'.</msg>
<status status="PASS" starttime="20200122 10:16:45.098" endtime="20200122 10:16:49.876"></status>
</kw>
<kw name="Set Browser Implicit Wait" library="SeleniumLibrary">
<doc>Sets the implicit wait value used by Selenium.</doc>
<arguments>
<arg>5</arg>
</arguments>
<status status="PASS" starttime="20200122 10:16:49.877" endtime="20200122 10:16:49.889"></status>
</kw>
<kw name="Input Text" library="SeleniumLibrary">
<doc>Types the given ``text`` into the text field identified by ``locator``.</doc>
<arguments>
<arg>name=q</arg>
<arg>Automation step by step</arg>
</arguments>
<msg timestamp="20200122 10:16:49.890" level="INFO">Typing text 'Automation step by step' into text field 'name=q'.</msg>
<status status="PASS" starttime="20200122 10:16:49.889" endtime="20200122 10:16:50.763"></status>
</kw>
<kw name="Press Keys" library="SeleniumLibrary">
<doc>Simulates the user pressing key(s) to an element or on the active browser.</doc>
<arguments>
<arg>name=q</arg>
<arg>ENTER</arg>
</arguments>
<msg timestamp="20200122 10:16:50.765" level="INFO">Sending key(s) ('ENTER',) to name=q element.</msg>
<msg timestamp="20200122 10:16:50.811" level="INFO">Pressing special key ENTER to element.</msg>
<status status="PASS" starttime="20200122 10:16:50.763" endtime="20200122 10:16:53.119"></status>
</kw>
<kw name="Sleep" library="BuiltIn">
<doc>Pauses the test executed for the given time.</doc>
<arguments>
<arg>2</arg>
</arguments>
<msg timestamp="20200122 10:16:55.123" level="INFO">Slept 2 seconds</msg>
<status status="PASS" starttime="20200122 10:16:53.120" endtime="20200122 10:16:55.123"></status>
</kw>
<kw name="Close Browser" library="SeleniumLibrary">
<doc>Closes the current browser.</doc>
<status status="PASS" starttime="20200122 10:16:55.124" endtime="20200122 10:16:57.554"></status>
</kw>
<kw name="Log" library="BuiltIn">
<doc>Logs the given message with the given level.</doc>
<arguments>
<arg>Test Completed</arg>
</arguments>
<msg timestamp="20200122 10:16:57.559" level="INFO">Test Completed</msg>
<status status="PASS" starttime="20200122 10:16:57.556" endtime="20200122 10:16:57.560"></status>
</kw>
<kw name="Log" library="BuiltIn" type="teardown">
<doc>Logs the given message with the given level.</doc>
<arguments>
<arg>I am inside Test Teardown</arg>
</arguments>
<msg timestamp="20200122 10:16:57.563" level="INFO">I am inside Test Teardown</msg>
<status status="PASS" starttime="20200122 10:16:57.562" endtime="20200122 10:16:57.563"></status>
</kw>
<tags>
<tag>Rohan</tag>
</tags>
<status status="PASS" starttime="20200122 10:16:45.092" endtime="20200122 10:16:57.564" critical="yes"></status>
</test>
<test id="s1-s1-s1-t4" name="SampleLoginTest">
<kw name="Log" library="BuiltIn" type="setup">
<doc>Logs the given message with the given level.</doc>
<arguments>
<arg>I am inside Test Setup</arg>
</arguments>
<msg timestamp="20200122 10:16:57.570" level="INFO">I am inside Test Setup</msg>
<status status="PASS" starttime="20200122 10:16:57.569" endtime="20200122 10:16:57.571"></status>
</kw>
<kw name="Open Browser" library="SeleniumLibrary">
<doc>Opens a new browser instance to the optional ``url``.</doc>
<arguments>
<arg>${URL}</arg>
<arg>chrome</arg>
</arguments>
<msg timestamp="20200122 10:16:57.573" level="INFO">Opening browser 'chrome' to base url 'https://opensource-demo.orangehrmlive.com/'.</msg>
<status status="PASS" starttime="20200122 10:16:57.572" endtime="20200122 10:17:03.816"></status>
</kw>
<kw name="Set Browser Implicit Wait" library="SeleniumLibrary">
<doc>Sets the implicit wait value used by Selenium.</doc>
<arguments>
<arg>10</arg>
</arguments>
<status status="PASS" starttime="20200122 10:17:03.817" endtime="20200122 10:17:03.822"></status>
</kw>
<kw name="LoginKW">
<kw name="Input Text" library="SeleniumLibrary">
<doc>Types the given ``text`` into the text field identified by ``locator``.</doc>
<arguments>
<arg>id=txtUsername</arg>
<arg>@{CREDENTIALS}[0]</arg>
</arguments>
<msg timestamp="20200122 10:17:03.825" level="INFO">Typing text 'Admin' into text field 'id=txtUsername'.</msg>
<status status="PASS" starttime="20200122 10:17:03.824" endtime="20200122 10:17:04.179"></status>
</kw>
<kw name="Input Password" library="SeleniumLibrary">
<doc>Types the given password into the text field identified by ``locator``.</doc>
<arguments>
<arg>id=txtPassword</arg>
<arg>&amp;{LOGINDATA}[password]</arg>
</arguments>
<msg timestamp="20200122 10:17:04.181" level="INFO">Typing password into text field 'id=txtPassword'.</msg>
<status status="PASS" starttime="20200122 10:17:04.179" endtime="20200122 10:17:05.030"></status>
</kw>
<kw name="Click Button" library="SeleniumLibrary">
<doc>Clicks the button identified by ``locator``.</doc>
<arguments>
<arg>id=btnLogin</arg>
</arguments>
<msg timestamp="20200122 10:17:05.031" level="INFO">Clicking button 'id=btnLogin'.</msg>
<status status="PASS" starttime="20200122 10:17:05.030" endtime="20200122 10:17:06.809"></status>
</kw>
<status status="PASS" starttime="20200122 10:17:03.822" endtime="20200122 10:17:06.810"></status>
</kw>
<kw name="Click Element" library="SeleniumLibrary">
<doc>Click the element identified by ``locator``.</doc>
<arguments>
<arg>id=welcome</arg>
</arguments>
<msg timestamp="20200122 10:17:06.814" level="INFO">Clicking element 'id=welcome'.</msg>
<status status="PASS" starttime="20200122 10:17:06.811" endtime="20200122 10:17:07.978"></status>
</kw>
<kw name="Click Element" library="SeleniumLibrary">
<doc>Click the element identified by ``locator``.</doc>
<arguments>
<arg>link=Logout</arg>
</arguments>
<msg timestamp="20200122 10:17:07.980" level="INFO">Clicking element 'link=Logout'.</msg>
<status status="PASS" starttime="20200122 10:17:07.979" endtime="20200122 10:17:11.714"></status>
</kw>
<kw name="Close Browser" library="SeleniumLibrary">
<doc>Closes the current browser.</doc>
<status status="PASS" starttime="20200122 10:17:11.715" endtime="20200122 10:17:15.339"></status>
</kw>
<kw name="Log" library="BuiltIn">
<doc>Logs the given message with the given level.</doc>
<arguments>
<arg>Test complated</arg>
</arguments>
<msg timestamp="20200122 10:17:15.342" level="INFO">Test complated</msg>
<status status="PASS" starttime="20200122 10:17:15.340" endtime="20200122 10:17:15.342"></status>
</kw>
<kw name="Log" library="BuiltIn" type="teardown">
<doc>Logs the given message with the given level.</doc>
<arguments>
<arg>I am inside Test Teardown</arg>
</arguments>
<msg timestamp="20200122 10:17:15.343" level="INFO">I am inside Test Teardown</msg>
<status status="PASS" starttime="20200122 10:17:15.343" endtime="20200122 10:17:15.344"></status>
</kw>
<doc>This is a sample login test</doc>
<tags>
<tag>Rohan</tag>
</tags>
<status status="PASS" starttime="20200122 10:16:57.566" endtime="20200122 10:17:15.344" critical="yes"></status>
</test>
<kw name="Log" library="BuiltIn" type="teardown">
<doc>Logs the given message with the given level.</doc>
<arguments>
<arg>I am inside Test Suit Teardown</arg>
</arguments>
<msg timestamp="20200122 10:17:15.347" level="INFO">I am inside Test Suit Teardown</msg>
<status status="PASS" starttime="20200122 10:17:15.347" endtime="20200122 10:17:15.348"></status>
</kw>
<status status="PASS" starttime="20200122 10:16:44.667" endtime="20200122 10:17:15.348"></status>
</suite>
<status status="PASS" starttime="20200122 10:16:44.661" endtime="20200122 10:17:15.353"></status>
</suite>
<status status="PASS" starttime="20200122 10:16:44.614" endtime="20200122 10:17:15.359"></status>
</suite>
<statistics>
<total>
<stat pass="4" fail="0">Critical Tests</stat>
<stat pass="4" fail="0">All Tests</stat>
</total>
<tag>
<stat pass="1" fail="0">example</stat>
<stat pass="2" fail="0">Rohan</stat>
<stat pass="1" fail="0">smoke</stat>
</tag>
<suite>
<stat pass="4" fail="0" id="s1" name="RobotProject1">RobotProject1</stat>
<stat pass="4" fail="0" id="s1-s1" name="Test">RobotProject1.Test</stat>
<stat pass="4" fail="0" id="s1-s1-s1" name="TestSuit1">RobotProject1.Test.TestSuit1</stat>
</suite>
</statistics>
<errors>
</errors>
</robot>
